Analysis & Synthesis report for lab2
Fri Nov 25 12:05:09 2022
Quartus II Version 9.1 Build 222 10/21/2009 SJ Web Edition


---------------------
; Table of Contents ;
---------------------
  1. Legal Notice
  2. Analysis & Synthesis Summary
  3. Analysis & Synthesis Settings
  4. Analysis & Synthesis Source Files Read
  5. Analysis & Synthesis Resource Usage Summary
  6. Analysis & Synthesis Resource Utilization by Entity
  7. General Register Statistics
  8. Source assignments for block2:inst6|lpm_counter2:inst22|lpm_counter:lpm_counter_component
  9. Source assignments for block2:inst6|lpm_counter1:inst|lpm_counter:lpm_counter_component
 10. Source assignments for block3:inst9|lpm_counter3:inst|lpm_counter:lpm_counter_component
 11. Parameter Settings for User Entity Instance: Block1:inst|74163:inst
 12. Parameter Settings for User Entity Instance: block2:inst6|lpm_compare1:inst23|lpm_compare:lpm_compare_component
 13. Parameter Settings for User Entity Instance: block2:inst6|lpm_counter2:inst22|lpm_counter:lpm_counter_component
 14. Parameter Settings for User Entity Instance: block2:inst6|lpm_compare0:inst21|lpm_compare:lpm_compare_component
 15. Parameter Settings for User Entity Instance: block2:inst6|lpm_counter1:inst|lpm_counter:lpm_counter_component
 16. Parameter Settings for User Entity Instance: block3:inst9|lpm_decode0:inst2|lpm_decode:lpm_decode_component
 17. Parameter Settings for User Entity Instance: block3:inst9|lpm_counter3:inst|lpm_counter:lpm_counter_component
 18. Analysis & Synthesis Messages



----------------
; Legal Notice ;
----------------
Copyright (C) 1991-2009 Altera Corporation
Your use of Altera Corporation's design tools, logic functions 
and other software and tools, and its AMPP partner logic 
functions, and any output files from any of the foregoing 
(including device programming or simulation files), and any 
associated documentation or information are expressly subject 
to the terms and conditions of the Altera Program License 
Subscription Agreement, Altera MegaCore Function License 
Agreement, or other applicable license agreement, including, 
without limitation, that your use is for the sole purpose of 
programming logic devices manufactured by Altera and sold by 
Altera or its authorized distributors.  Please refer to the 
applicable agreement for further details.



+-------------------------------------------------------------------------+
; Analysis & Synthesis Summary                                            ;
+-------------------------------+-----------------------------------------+
; Analysis & Synthesis Status   ; Successful - Fri Nov 25 12:05:09 2022   ;
; Quartus II Version            ; 9.1 Build 222 10/21/2009 SJ Web Edition ;
; Revision Name                 ; lab2                                    ;
; Top-level Entity Name         ; main                                    ;
; Family                        ; Stratix II                              ;
; Logic utilization             ; N/A                                     ;
;     Combinational ALUTs       ; 37                                      ;
;     Dedicated logic registers ; 18                                      ;
; Total registers               ; 18                                      ;
; Total pins                    ; 19                                      ;
; Total virtual pins            ; 0                                       ;
; Total block memory bits       ; 0                                       ;
; DSP block 9-bit elements      ; 0                                       ;
; Total PLLs                    ; 0                                       ;
; Total DLLs                    ; 0                                       ;
+-------------------------------+-----------------------------------------+


+----------------------------------------------------------------------------------------------------------------------+
; Analysis & Synthesis Settings                                                                                        ;
+----------------------------------------------------------------------------+--------------------+--------------------+
; Option                                                                     ; Setting            ; Default Value      ;
+----------------------------------------------------------------------------+--------------------+--------------------+
; Top-level entity name                                                      ; main               ; lab2               ;
; Family name                                                                ; Stratix II         ; Stratix II         ;
; Use Generated Physical Constraints File                                    ; Off                ;                    ;
; Use smart compilation                                                      ; Off                ; Off                ;
; Enable parallel Assembler and TimeQuest Timing Analyzer during compilation ; On                 ; On                 ;
; Enable compact report table                                                ; Off                ; Off                ;
; Restructure Multiplexers                                                   ; Auto               ; Auto               ;
; Create Debugging Nodes for IP Cores                                        ; Off                ; Off                ;
; Preserve fewer node names                                                  ; On                 ; On                 ;
; Disable OpenCore Plus hardware evaluation                                  ; Off                ; Off                ;
; Verilog Version                                                            ; Verilog_2001       ; Verilog_2001       ;
; VHDL Version                                                               ; VHDL_1993          ; VHDL_1993          ;
; State Machine Processing                                                   ; Auto               ; Auto               ;
; Safe State Machine                                                         ; Off                ; Off                ;
; Extract Verilog State Machines                                             ; On                 ; On                 ;
; Extract VHDL State Machines                                                ; On                 ; On                 ;
; Ignore Verilog initial constructs                                          ; Off                ; Off                ;
; Iteration limit for constant Verilog loops                                 ; 5000               ; 5000               ;
; Iteration limit for non-constant Verilog loops                             ; 250                ; 250                ;
; Add Pass-Through Logic to Inferred RAMs                                    ; On                 ; On                 ;
; Parallel Synthesis                                                         ; On                 ; On                 ;
; DSP Block Balancing                                                        ; Auto               ; Auto               ;
; NOT Gate Push-Back                                                         ; On                 ; On                 ;
; Power-Up Don't Care                                                        ; On                 ; On                 ;
; Remove Redundant Logic Cells                                               ; Off                ; Off                ;
; Remove Duplicate Registers                                                 ; On                 ; On                 ;
; Ignore CARRY Buffers                                                       ; Off                ; Off                ;
; Ignore CASCADE Buffers                                                     ; Off                ; Off                ;
; Ignore GLOBAL Buffers                                                      ; Off                ; Off                ;
; Ignore ROW GLOBAL Buffers                                                  ; Off                ; Off                ;
; Ignore LCELL Buffers                                                       ; Off                ; Off                ;
; Ignore SOFT Buffers                                                        ; On                 ; On                 ;
; Limit AHDL Integers to 32 Bits                                             ; Off                ; Off                ;
; Optimization Technique                                                     ; Balanced           ; Balanced           ;
; Carry Chain Length                                                         ; 70                 ; 70                 ;
; Auto Carry Chains                                                          ; On                 ; On                 ;
; Auto Open-Drain Pins                                                       ; On                 ; On                 ;
; Perform WYSIWYG Primitive Resynthesis                                      ; Off                ; Off                ;
; Auto ROM Replacement                                                       ; On                 ; On                 ;
; Auto RAM Replacement                                                       ; On                 ; On                 ;
; Auto DSP Block Replacement                                                 ; On                 ; On                 ;
; Auto Shift Register Replacement                                            ; Auto               ; Auto               ;
; Auto Clock Enable Replacement                                              ; On                 ; On                 ;
; Strict RAM Replacement                                                     ; Off                ; Off                ;
; Allow Synchronous Control Signals                                          ; On                 ; On                 ;
; Force Use of Synchronous Clear Signals                                     ; Off                ; Off                ;
; Auto RAM Block Balancing                                                   ; On                 ; On                 ;
; Auto RAM to Logic Cell Conversion                                          ; Off                ; Off                ;
; Auto Resource Sharing                                                      ; Off                ; Off                ;
; Allow Any RAM Size For Recognition                                         ; Off                ; Off                ;
; Allow Any ROM Size For Recognition                                         ; Off                ; Off                ;
; Allow Any Shift Register Size For Recognition                              ; Off                ; Off                ;
; Use LogicLock Constraints during Resource Balancing                        ; On                 ; On                 ;
; Ignore translate_off and synthesis_off directives                          ; Off                ; Off                ;
; Timing-Driven Synthesis                                                    ; Off                ; Off                ;
; Show Parameter Settings Tables in Synthesis Report                         ; On                 ; On                 ;
; Ignore Maximum Fan-Out Assignments                                         ; Off                ; Off                ;
; Synchronization Register Chain Length                                      ; 2                  ; 2                  ;
; PowerPlay Power Optimization                                               ; Normal compilation ; Normal compilation ;
; HDL message level                                                          ; Level2             ; Level2             ;
; Suppress Register Optimization Related Messages                            ; Off                ; Off                ;
; Number of Removed Registers Reported in Synthesis Report                   ; 100                ; 100                ;
; Number of Inverted Registers Reported in Synthesis Report                  ; 100                ; 100                ;
; Clock MUX Protection                                                       ; On                 ; On                 ;
; Auto Gated Clock Conversion                                                ; Off                ; Off                ;
; Block Design Naming                                                        ; Auto               ; Auto               ;
; SDC constraint protection                                                  ; Off                ; Off                ;
; Synthesis Effort                                                           ; Auto               ; Auto               ;
; Shift Register Replacement - Allow Asynchronous Clear Signal               ; On                 ; On                 ;
; Analysis & Synthesis Message Level                                         ; Medium             ; Medium             ;
; Disable Register Merging Across Hierarchies                                ; Auto               ; Auto               ;
; Resource Aware Inference For Block RAM                                     ; On                 ; On                 ;
+----------------------------------------------------------------------------+--------------------+--------------------+


+--------------------------------------------------------------------------------------------------------------------------------------------------------+
; Analysis & Synthesis Source Files Read                                                                                                                 ;
+----------------------------------+-----------------+------------------------------------+--------------------------------------------------------------+
; File Name with User-Entered Path ; Used in Netlist ; File Type                          ; File Name with Absolute Path                                 ;
+----------------------------------+-----------------+------------------------------------+--------------------------------------------------------------+
; Block1.bdf                       ; yes             ; User Block Diagram/Schematic File  ; //Mac/Home/Desktop/Sifo labs/lab2/Block1.bdf                 ;
; block2.bdf                       ; yes             ; User Block Diagram/Schematic File  ; //Mac/Home/Desktop/Sifo labs/lab2/block2.bdf                 ;
; block3.bdf                       ; yes             ; User Block Diagram/Schematic File  ; //Mac/Home/Desktop/Sifo labs/lab2/block3.bdf                 ;
; main.bdf                         ; yes             ; User Block Diagram/Schematic File  ; //Mac/Home/Desktop/Sifo labs/lab2/main.bdf                   ;
; 74163.tdf                        ; yes             ; Megafunction                       ; c:/altera/91/quartus/libraries/others/maxplus2/74163.tdf     ;
; f74163.bdf                       ; yes             ; Megafunction                       ; c:/altera/91/quartus/libraries/others/maxplus2/f74163.bdf    ;
; lpm_compare1.tdf                 ; yes             ; Auto-Found Wizard-Generated File   ; //Mac/Home/Desktop/Sifo labs/lab2/lpm_compare1.tdf           ;
; lpm_compare.inc                  ; yes             ; Megafunction                       ; c:/altera/91/quartus/libraries/megafunctions/lpm_compare.inc ;
; lpm_compare.tdf                  ; yes             ; Megafunction                       ; c:/altera/91/quartus/libraries/megafunctions/lpm_compare.tdf ;
; db/cmpr_i8j.tdf                  ; yes             ; Auto-Generated Megafunction        ; //Mac/Home/Desktop/Sifo labs/lab2/db/cmpr_i8j.tdf            ;
; lpm_counter2.tdf                 ; yes             ; Auto-Found Wizard-Generated File   ; //Mac/Home/Desktop/Sifo labs/lab2/lpm_counter2.tdf           ;
; lpm_counter.inc                  ; yes             ; Megafunction                       ; c:/altera/91/quartus/libraries/megafunctions/lpm_counter.inc ;
; lpm_counter.tdf                  ; yes             ; Megafunction                       ; c:/altera/91/quartus/libraries/megafunctions/lpm_counter.tdf ;
; lpm_decode.inc                   ; yes             ; Megafunction                       ; c:/altera/91/quartus/libraries/megafunctions/lpm_decode.inc  ;
; db/cntr_s3i.tdf                  ; yes             ; Auto-Generated Megafunction        ; //Mac/Home/Desktop/Sifo labs/lab2/db/cntr_s3i.tdf            ;
; lpm_compare0.tdf                 ; yes             ; Auto-Found Wizard-Generated File   ; //Mac/Home/Desktop/Sifo labs/lab2/lpm_compare0.tdf           ;
; lpm_counter1.tdf                 ; yes             ; Auto-Found Wizard-Generated File   ; //Mac/Home/Desktop/Sifo labs/lab2/lpm_counter1.tdf           ;
; lpm_decode0.tdf                  ; yes             ; Auto-Found Wizard-Generated File   ; //Mac/Home/Desktop/Sifo labs/lab2/lpm_decode0.tdf            ;
; lpm_decode.tdf                   ; yes             ; Megafunction                       ; c:/altera/91/quartus/libraries/megafunctions/lpm_decode.tdf  ;
; db/decode_ltf.tdf                ; yes             ; Auto-Generated Megafunction        ; //Mac/Home/Desktop/Sifo labs/lab2/db/decode_ltf.tdf          ;
; lpm_counter3.tdf                 ; yes             ; Auto-Found Wizard-Generated File   ; //Mac/Home/Desktop/Sifo labs/lab2/lpm_counter3.tdf           ;
; db/cntr_qlh.tdf                  ; yes             ; Auto-Generated Megafunction        ; //Mac/Home/Desktop/Sifo labs/lab2/db/cntr_qlh.tdf            ;
+----------------------------------+-----------------+------------------------------------+--------------------------------------------------------------+


+---------------------------------------------------------------------+
; Analysis & Synthesis Resource Usage Summary                         ;
+-----------------------------------------------+---------------------+
; Resource                                      ; Usage               ;
+-----------------------------------------------+---------------------+
; Estimated ALUTs Used                          ; 37                  ;
; Dedicated logic registers                     ; 18                  ;
;                                               ;                     ;
; Estimated ALUTs Unavailable                   ; 0                   ;
;                                               ;                     ;
; Total combinational functions                 ; 37                  ;
; Combinational ALUT usage by number of inputs  ;                     ;
;     -- 7 input functions                      ; 0                   ;
;     -- 6 input functions                      ; 0                   ;
;     -- 5 input functions                      ; 16                  ;
;     -- 4 input functions                      ; 4                   ;
;     -- <=3 input functions                    ; 17                  ;
;                                               ;                     ;
; Combinational ALUTs by mode                   ;                     ;
;     -- normal mode                            ; 25                  ;
;     -- extended LUT mode                      ; 0                   ;
;     -- arithmetic mode                        ; 12                  ;
;     -- shared arithmetic mode                 ; 0                   ;
;                                               ;                     ;
; Estimated ALUT/register pairs used            ; 37                  ;
;                                               ;                     ;
; Total registers                               ; 18                  ;
;     -- Dedicated logic registers              ; 18                  ;
;     -- I/O registers                          ; 0                   ;
;                                               ;                     ;
; Estimated ALMs:  partially or completely used ; 19                  ;
;                                               ;                     ;
; I/O pins                                      ; 19                  ;
; Maximum fan-out node                          ; block2:inst6|inst25 ;
; Maximum fan-out                               ; 22                  ;
; Total fan-out                                 ; 189                 ;
; Average fan-out                               ; 2.55                ;
+-----------------------------------------------+---------------------+


+----------------------------------------------------------------------------------------------------------------------------------------------------------------------------------------------------------------------------------------------------------------------------------------------+
; Analysis & Synthesis Resource Utilization by Entity                                                                                                                                                                                                                                          ;
+----------------------------------------------+-------------------+--------------+-------------------+--------------+---------+-----------+-----------+------+--------------+--------------------------------------------------------------------------------------------------+--------------+
; Compilation Hierarchy Node                   ; LC Combinationals ; LC Registers ; Block Memory Bits ; DSP Elements ; DSP 9x9 ; DSP 18x18 ; DSP 36x36 ; Pins ; Virtual Pins ; Full Hierarchy Name                                                                              ; Library Name ;
+----------------------------------------------+-------------------+--------------+-------------------+--------------+---------+-----------+-----------+------+--------------+--------------------------------------------------------------------------------------------------+--------------+
; |main                                        ; 37 (0)            ; 18 (0)       ; 0                 ; 0            ; 0       ; 0         ; 0         ; 19   ; 0            ; |main                                                                                            ; work         ;
;    |Block1:inst|                             ; 6 (2)             ; 5 (1)        ; 0                 ; 0            ; 0       ; 0         ; 0         ; 0    ; 0            ; |main|Block1:inst                                                                                ;              ;
;       |74163:inst|                           ; 4 (0)             ; 4 (0)        ; 0                 ; 0            ; 0       ; 0         ; 0         ; 0    ; 0            ; |main|Block1:inst|74163:inst                                                                     ;              ;
;          |f74163:sub|                        ; 4 (4)             ; 4 (4)        ; 0                 ; 0            ; 0       ; 0         ; 0         ; 0    ; 0            ; |main|Block1:inst|74163:inst|f74163:sub                                                          ; work         ;
;    |block2:inst6|                            ; 11 (1)            ; 9 (1)        ; 0                 ; 0            ; 0       ; 0         ; 0         ; 0    ; 0            ; |main|block2:inst6                                                                               ; work         ;
;       |lpm_compare0:inst21|                  ; 1 (0)             ; 0 (0)        ; 0                 ; 0            ; 0       ; 0         ; 0         ; 0    ; 0            ; |main|block2:inst6|lpm_compare0:inst21                                                           ; work         ;
;          |lpm_compare:lpm_compare_component| ; 1 (0)             ; 0 (0)        ; 0                 ; 0            ; 0       ; 0         ; 0         ; 0    ; 0            ; |main|block2:inst6|lpm_compare0:inst21|lpm_compare:lpm_compare_component                         ; work         ;
;             |cmpr_i8j:auto_generated|        ; 1 (1)             ; 0 (0)        ; 0                 ; 0            ; 0       ; 0         ; 0         ; 0    ; 0            ; |main|block2:inst6|lpm_compare0:inst21|lpm_compare:lpm_compare_component|cmpr_i8j:auto_generated ; work         ;
;       |lpm_compare1:inst23|                  ; 1 (0)             ; 0 (0)        ; 0                 ; 0            ; 0       ; 0         ; 0         ; 0    ; 0            ; |main|block2:inst6|lpm_compare1:inst23                                                           ; work         ;
;          |lpm_compare:lpm_compare_component| ; 1 (0)             ; 0 (0)        ; 0                 ; 0            ; 0       ; 0         ; 0         ; 0    ; 0            ; |main|block2:inst6|lpm_compare1:inst23|lpm_compare:lpm_compare_component                         ; work         ;
;             |cmpr_i8j:auto_generated|        ; 1 (1)             ; 0 (0)        ; 0                 ; 0            ; 0       ; 0         ; 0         ; 0    ; 0            ; |main|block2:inst6|lpm_compare1:inst23|lpm_compare:lpm_compare_component|cmpr_i8j:auto_generated ; work         ;
;       |lpm_counter1:inst|                    ; 4 (0)             ; 4 (0)        ; 0                 ; 0            ; 0       ; 0         ; 0         ; 0    ; 0            ; |main|block2:inst6|lpm_counter1:inst                                                             ; work         ;
;          |lpm_counter:lpm_counter_component| ; 4 (0)             ; 4 (0)        ; 0                 ; 0            ; 0       ; 0         ; 0         ; 0    ; 0            ; |main|block2:inst6|lpm_counter1:inst|lpm_counter:lpm_counter_component                           ;              ;
;             |cntr_s3i:auto_generated|        ; 4 (4)             ; 4 (4)        ; 0                 ; 0            ; 0       ; 0         ; 0         ; 0    ; 0            ; |main|block2:inst6|lpm_counter1:inst|lpm_counter:lpm_counter_component|cntr_s3i:auto_generated   ; work         ;
;       |lpm_counter2:inst22|                  ; 4 (0)             ; 4 (0)        ; 0                 ; 0            ; 0       ; 0         ; 0         ; 0    ; 0            ; |main|block2:inst6|lpm_counter2:inst22                                                           ;              ;
;          |lpm_counter:lpm_counter_component| ; 4 (0)             ; 4 (0)        ; 0                 ; 0            ; 0       ; 0         ; 0         ; 0    ; 0            ; |main|block2:inst6|lpm_counter2:inst22|lpm_counter:lpm_counter_component                         ; work         ;
;             |cntr_s3i:auto_generated|        ; 4 (4)             ; 4 (4)        ; 0                 ; 0            ; 0       ; 0         ; 0         ; 0    ; 0            ; |main|block2:inst6|lpm_counter2:inst22|lpm_counter:lpm_counter_component|cntr_s3i:auto_generated ; work         ;
;    |block3:inst9|                            ; 20 (0)            ; 4 (0)        ; 0                 ; 0            ; 0       ; 0         ; 0         ; 0    ; 0            ; |main|block3:inst9                                                                               ; work         ;
;       |lpm_counter3:inst|                    ; 4 (0)             ; 4 (0)        ; 0                 ; 0            ; 0       ; 0         ; 0         ; 0    ; 0            ; |main|block3:inst9|lpm_counter3:inst                                                             ; work         ;
;          |lpm_counter:lpm_counter_component| ; 4 (0)             ; 4 (0)        ; 0                 ; 0            ; 0       ; 0         ; 0         ; 0    ; 0            ; |main|block3:inst9|lpm_counter3:inst|lpm_counter:lpm_counter_component                           ; work         ;
;             |cntr_qlh:auto_generated|        ; 4 (4)             ; 4 (4)        ; 0                 ; 0            ; 0       ; 0         ; 0         ; 0    ; 0            ; |main|block3:inst9|lpm_counter3:inst|lpm_counter:lpm_counter_component|cntr_qlh:auto_generated   ; work         ;
;       |lpm_decode0:inst2|                    ; 16 (0)            ; 0 (0)        ; 0                 ; 0            ; 0       ; 0         ; 0         ; 0    ; 0            ; |main|block3:inst9|lpm_decode0:inst2                                                             ; work         ;
;          |lpm_decode:lpm_decode_component|   ; 16 (0)            ; 0 (0)        ; 0                 ; 0            ; 0       ; 0         ; 0         ; 0    ; 0            ; |main|block3:inst9|lpm_decode0:inst2|lpm_decode:lpm_decode_component                             ; work         ;
;             |decode_ltf:auto_generated|      ; 16 (16)           ; 0 (0)        ; 0                 ; 0            ; 0       ; 0         ; 0         ; 0    ; 0            ; |main|block3:inst9|lpm_decode0:inst2|lpm_decode:lpm_decode_component|decode_ltf:auto_generated   ; work         ;
+----------------------------------------------+-------------------+--------------+-------------------+--------------+---------+-----------+-----------+------+--------------+--------------------------------------------------------------------------------------------------+--------------+
Note: For table entries with two numbers listed, the numbers in parentheses indicate the number of resources of the given type used by the specific entity alone. The numbers listed outside of parentheses indicate the total resources of the given type used by the specific entity and all of its sub-entities in the hierarchy.


+------------------------------------------------------+
; General Register Statistics                          ;
+----------------------------------------------+-------+
; Statistic                                    ; Value ;
+----------------------------------------------+-------+
; Total registers                              ; 18    ;
; Number of registers using Synchronous Clear  ; 0     ;
; Number of registers using Synchronous Load   ; 0     ;
; Number of registers using Asynchronous Clear ; 9     ;
; Number of registers using Asynchronous Load  ; 0     ;
; Number of registers using Clock Enable       ; 0     ;
; Number of registers using Preset             ; 0     ;
+----------------------------------------------+-------+


+-------------------------------------------------------------------------------------------+
; Source assignments for block2:inst6|lpm_counter2:inst22|lpm_counter:lpm_counter_component ;
+---------------------------+-------+------+------------------------------------------------+
; Assignment                ; Value ; From ; To                                             ;
+---------------------------+-------+------+------------------------------------------------+
; SUPPRESS_DA_RULE_INTERNAL ; a101  ; -    ; -                                              ;
; SUPPRESS_DA_RULE_INTERNAL ; s102  ; -    ; -                                              ;
; SUPPRESS_DA_RULE_INTERNAL ; s103  ; -    ; -                                              ;
+---------------------------+-------+------+------------------------------------------------+


+-----------------------------------------------------------------------------------------+
; Source assignments for block2:inst6|lpm_counter1:inst|lpm_counter:lpm_counter_component ;
+---------------------------+-------+------+----------------------------------------------+
; Assignment                ; Value ; From ; To                                           ;
+---------------------------+-------+------+----------------------------------------------+
; SUPPRESS_DA_RULE_INTERNAL ; a101  ; -    ; -                                            ;
; SUPPRESS_DA_RULE_INTERNAL ; s102  ; -    ; -                                            ;
; SUPPRESS_DA_RULE_INTERNAL ; s103  ; -    ; -                                            ;
+---------------------------+-------+------+----------------------------------------------+


+-----------------------------------------------------------------------------------------+
; Source assignments for block3:inst9|lpm_counter3:inst|lpm_counter:lpm_counter_component ;
+---------------------------+-------+------+----------------------------------------------+
; Assignment                ; Value ; From ; To                                           ;
+---------------------------+-------+------+----------------------------------------------+
; SUPPRESS_DA_RULE_INTERNAL ; a101  ; -    ; -                                            ;
; SUPPRESS_DA_RULE_INTERNAL ; s102  ; -    ; -                                            ;
; SUPPRESS_DA_RULE_INTERNAL ; s103  ; -    ; -                                            ;
+---------------------------+-------+------+----------------------------------------------+


+---------------------------------------------------------------------+
; Parameter Settings for User Entity Instance: Block1:inst|74163:inst ;
+------------------------+------------+-------------------------------+
; Parameter Name         ; Value      ; Type                          ;
+------------------------+------------+-------------------------------+
; DEVICE_FAMILY          ; Stratix II ; Untyped                       ;
; AUTO_CARRY_CHAINS      ; ON         ; AUTO_CARRY                    ;
; IGNORE_CARRY_BUFFERS   ; OFF        ; IGNORE_CARRY                  ;
; AUTO_CASCADE_CHAINS    ; ON         ; AUTO_CASCADE                  ;
; IGNORE_CASCADE_BUFFERS ; OFF        ; IGNORE_CASCADE                ;
+------------------------+------------+-------------------------------+
Note: In order to hide this table in the UI and the text report file, please set the "Show Parameter Settings Tables in Synthesis Report" option in "Analysis and Synthesis Settings -> More Settings" to "Off".


+-----------------------------------------------------------------------------------------------------------------+
; Parameter Settings for User Entity Instance: block2:inst6|lpm_compare1:inst23|lpm_compare:lpm_compare_component ;
+------------------------+------------+---------------------------------------------------------------------------+
; Parameter Name         ; Value      ; Type                                                                      ;
+------------------------+------------+---------------------------------------------------------------------------+
; lpm_width              ; 4          ; Untyped                                                                   ;
; LPM_REPRESENTATION     ; UNSIGNED   ; Untyped                                                                   ;
; LPM_PIPELINE           ; 0          ; Untyped                                                                   ;
; CHAIN_SIZE             ; 8          ; Untyped                                                                   ;
; ONE_INPUT_IS_CONSTANT  ; YES        ; Untyped                                                                   ;
; CARRY_CHAIN            ; MANUAL     ; Untyped                                                                   ;
; CASCADE_CHAIN          ; MANUAL     ; Untyped                                                                   ;
; CARRY_CHAIN_LENGTH     ; 48         ; CARRY_CHAIN_LENGTH                                                        ;
; CASCADE_CHAIN_LENGTH   ; 2          ; CASCADE_CHAIN_LENGTH                                                      ;
; DEVICE_FAMILY          ; Stratix II ; Untyped                                                                   ;
; CBXI_PARAMETER         ; cmpr_i8j   ; Untyped                                                                   ;
; AUTO_CARRY_CHAINS      ; ON         ; AUTO_CARRY                                                                ;
; IGNORE_CARRY_BUFFERS   ; OFF        ; IGNORE_CARRY                                                              ;
; AUTO_CASCADE_CHAINS    ; ON         ; AUTO_CASCADE                                                              ;
; IGNORE_CASCADE_BUFFERS ; OFF        ; IGNORE_CASCADE                                                            ;
+------------------------+------------+---------------------------------------------------------------------------+
Note: In order to hide this table in the UI and the text report file, please set the "Show Parameter Settings Tables in Synthesis Report" option in "Analysis and Synthesis Settings -> More Settings" to "Off".


+-----------------------------------------------------------------------------------------------------------------+
; Parameter Settings for User Entity Instance: block2:inst6|lpm_counter2:inst22|lpm_counter:lpm_counter_component ;
+------------------------+-------------+--------------------------------------------------------------------------+
; Parameter Name         ; Value       ; Type                                                                     ;
+------------------------+-------------+--------------------------------------------------------------------------+
; AUTO_CARRY_CHAINS      ; ON          ; AUTO_CARRY                                                               ;
; IGNORE_CARRY_BUFFERS   ; OFF         ; IGNORE_CARRY                                                             ;
; AUTO_CASCADE_CHAINS    ; ON          ; AUTO_CASCADE                                                             ;
; IGNORE_CASCADE_BUFFERS ; OFF         ; IGNORE_CASCADE                                                           ;
; LPM_WIDTH              ; 4           ; Untyped                                                                  ;
; LPM_DIRECTION          ; UP          ; Untyped                                                                  ;
; LPM_MODULUS            ; 0           ; Untyped                                                                  ;
; LPM_AVALUE             ; UNUSED      ; Untyped                                                                  ;
; LPM_SVALUE             ; UNUSED      ; Untyped                                                                  ;
; LPM_PORT_UPDOWN        ; PORT_UNUSED ; Untyped                                                                  ;
; DEVICE_FAMILY          ; Stratix II  ; Untyped                                                                  ;
; CARRY_CHAIN            ; MANUAL      ; Untyped                                                                  ;
; CARRY_CHAIN_LENGTH     ; 48          ; CARRY_CHAIN_LENGTH                                                       ;
; NOT_GATE_PUSH_BACK     ; ON          ; NOT_GATE_PUSH_BACK                                                       ;
; CARRY_CNT_EN           ; SMART       ; Untyped                                                                  ;
; LABWIDE_SCLR           ; ON          ; Untyped                                                                  ;
; USE_NEW_VERSION        ; TRUE        ; Untyped                                                                  ;
; CBXI_PARAMETER         ; cntr_s3i    ; Untyped                                                                  ;
+------------------------+-------------+--------------------------------------------------------------------------+
Note: In order to hide this table in the UI and the text report file, please set the "Show Parameter Settings Tables in Synthesis Report" option in "Analysis and Synthesis Settings -> More Settings" to "Off".


+-----------------------------------------------------------------------------------------------------------------+
; Parameter Settings for User Entity Instance: block2:inst6|lpm_compare0:inst21|lpm_compare:lpm_compare_component ;
+------------------------+------------+---------------------------------------------------------------------------+
; Parameter Name         ; Value      ; Type                                                                      ;
+------------------------+------------+---------------------------------------------------------------------------+
; lpm_width              ; 4          ; Untyped                                                                   ;
; LPM_REPRESENTATION     ; UNSIGNED   ; Untyped                                                                   ;
; LPM_PIPELINE           ; 0          ; Untyped                                                                   ;
; CHAIN_SIZE             ; 8          ; Untyped                                                                   ;
; ONE_INPUT_IS_CONSTANT  ; YES        ; Untyped                                                                   ;
; CARRY_CHAIN            ; MANUAL     ; Untyped                                                                   ;
; CASCADE_CHAIN          ; MANUAL     ; Untyped                                                                   ;
; CARRY_CHAIN_LENGTH     ; 48         ; CARRY_CHAIN_LENGTH                                                        ;
; CASCADE_CHAIN_LENGTH   ; 2          ; CASCADE_CHAIN_LENGTH                                                      ;
; DEVICE_FAMILY          ; Stratix II ; Untyped                                                                   ;
; CBXI_PARAMETER         ; cmpr_i8j   ; Untyped                                                                   ;
; AUTO_CARRY_CHAINS      ; ON         ; AUTO_CARRY                                                                ;
; IGNORE_CARRY_BUFFERS   ; OFF        ; IGNORE_CARRY                                                              ;
; AUTO_CASCADE_CHAINS    ; ON         ; AUTO_CASCADE                                                              ;
; IGNORE_CASCADE_BUFFERS ; OFF        ; IGNORE_CASCADE                                                            ;
+------------------------+------------+---------------------------------------------------------------------------+
Note: In order to hide this table in the UI and the text report file, please set the "Show Parameter Settings Tables in Synthesis Report" option in "Analysis and Synthesis Settings -> More Settings" to "Off".


+---------------------------------------------------------------------------------------------------------------+
; Parameter Settings for User Entity Instance: block2:inst6|lpm_counter1:inst|lpm_counter:lpm_counter_component ;
+------------------------+-------------+------------------------------------------------------------------------+
; Parameter Name         ; Value       ; Type                                                                   ;
+------------------------+-------------+------------------------------------------------------------------------+
; AUTO_CARRY_CHAINS      ; ON          ; AUTO_CARRY                                                             ;
; IGNORE_CARRY_BUFFERS   ; OFF         ; IGNORE_CARRY                                                           ;
; AUTO_CASCADE_CHAINS    ; ON          ; AUTO_CASCADE                                                           ;
; IGNORE_CASCADE_BUFFERS ; OFF         ; IGNORE_CASCADE                                                         ;
; LPM_WIDTH              ; 4           ; Untyped                                                                ;
; LPM_DIRECTION          ; UP          ; Untyped                                                                ;
; LPM_MODULUS            ; 0           ; Untyped                                                                ;
; LPM_AVALUE             ; UNUSED      ; Untyped                                                                ;
; LPM_SVALUE             ; UNUSED      ; Untyped                                                                ;
; LPM_PORT_UPDOWN        ; PORT_UNUSED ; Untyped                                                                ;
; DEVICE_FAMILY          ; Stratix II  ; Untyped                                                                ;
; CARRY_CHAIN            ; MANUAL      ; Untyped                                                                ;
; CARRY_CHAIN_LENGTH     ; 48          ; CARRY_CHAIN_LENGTH                                                     ;
; NOT_GATE_PUSH_BACK     ; ON          ; NOT_GATE_PUSH_BACK                                                     ;
; CARRY_CNT_EN           ; SMART       ; Untyped                                                                ;
; LABWIDE_SCLR           ; ON          ; Untyped                                                                ;
; USE_NEW_VERSION        ; TRUE        ; Untyped                                                                ;
; CBXI_PARAMETER         ; cntr_s3i    ; Untyped                                                                ;
+------------------------+-------------+------------------------------------------------------------------------+
Note: In order to hide this table in the UI and the text report file, please set the "Show Parameter Settings Tables in Synthesis Report" option in "Analysis and Synthesis Settings -> More Settings" to "Off".


+-------------------------------------------------------------------------------------------------------------+
; Parameter Settings for User Entity Instance: block3:inst9|lpm_decode0:inst2|lpm_decode:lpm_decode_component ;
+------------------------+------------+-----------------------------------------------------------------------+
; Parameter Name         ; Value      ; Type                                                                  ;
+------------------------+------------+-----------------------------------------------------------------------+
; LPM_WIDTH              ; 4          ; Untyped                                                               ;
; LPM_DECODES            ; 16         ; Untyped                                                               ;
; LPM_PIPELINE           ; 0          ; Untyped                                                               ;
; CASCADE_CHAIN          ; MANUAL     ; Untyped                                                               ;
; DEVICE_FAMILY          ; Stratix II ; Untyped                                                               ;
; CBXI_PARAMETER         ; decode_ltf ; Untyped                                                               ;
; AUTO_CARRY_CHAINS      ; ON         ; AUTO_CARRY                                                            ;
; IGNORE_CARRY_BUFFERS   ; OFF        ; IGNORE_CARRY                                                          ;
; AUTO_CASCADE_CHAINS    ; ON         ; AUTO_CASCADE                                                          ;
; IGNORE_CASCADE_BUFFERS ; OFF        ; IGNORE_CASCADE                                                        ;
+------------------------+------------+-----------------------------------------------------------------------+
Note: In order to hide this table in the UI and the text report file, please set the "Show Parameter Settings Tables in Synthesis Report" option in "Analysis and Synthesis Settings -> More Settings" to "Off".


+---------------------------------------------------------------------------------------------------------------+
; Parameter Settings for User Entity Instance: block3:inst9|lpm_counter3:inst|lpm_counter:lpm_counter_component ;
+------------------------+-------------+------------------------------------------------------------------------+
; Parameter Name         ; Value       ; Type                                                                   ;
+------------------------+-------------+------------------------------------------------------------------------+
; AUTO_CARRY_CHAINS      ; ON          ; AUTO_CARRY                                                             ;
; IGNORE_CARRY_BUFFERS   ; OFF         ; IGNORE_CARRY                                                           ;
; AUTO_CASCADE_CHAINS    ; ON          ; AUTO_CASCADE                                                           ;
; IGNORE_CASCADE_BUFFERS ; OFF         ; IGNORE_CASCADE                                                         ;
; LPM_WIDTH              ; 4           ; Untyped                                                                ;
; LPM_DIRECTION          ; UP          ; Untyped                                                                ;
; LPM_MODULUS            ; 0           ; Untyped                                                                ;
; LPM_AVALUE             ; UNUSED      ; Untyped                                                                ;
; LPM_SVALUE             ; UNUSED      ; Untyped                                                                ;
; LPM_PORT_UPDOWN        ; PORT_UNUSED ; Untyped                                                                ;
; DEVICE_FAMILY          ; Stratix II  ; Untyped                                                                ;
; CARRY_CHAIN            ; MANUAL      ; Untyped                                                                ;
; CARRY_CHAIN_LENGTH     ; 48          ; CARRY_CHAIN_LENGTH                                                     ;
; NOT_GATE_PUSH_BACK     ; ON          ; NOT_GATE_PUSH_BACK                                                     ;
; CARRY_CNT_EN           ; SMART       ; Untyped                                                                ;
; LABWIDE_SCLR           ; ON          ; Untyped                                                                ;
; USE_NEW_VERSION        ; TRUE        ; Untyped                                                                ;
; CBXI_PARAMETER         ; cntr_qlh    ; Untyped                                                                ;
+------------------------+-------------+------------------------------------------------------------------------+
Note: In order to hide this table in the UI and the text report file, please set the "Show Parameter Settings Tables in Synthesis Report" option in "Analysis and Synthesis Settings -> More Settings" to "Off".


+-------------------------------+
; Analysis & Synthesis Messages ;
+-------------------------------+
Info: *******************************************************************
Info: Running Quartus II Analysis & Synthesis
    Info: Version 9.1 Build 222 10/21/2009 SJ Web Edition
    Info: Processing started: Fri Nov 25 12:05:07 2022
Info: Command: quartus_map --read_settings_files=on --write_settings_files=off lab2 -c lab2
Info: Found 1 design units, including 1 entities, in source file block1.bdf
    Info: Found entity 1: Block1
Info: Found 1 design units, including 1 entities, in source file block2.bdf
    Info: Found entity 1: block2
Info: Found 1 design units, including 1 entities, in source file block3.bdf
    Info: Found entity 1: block3
Info: Found 1 design units, including 1 entities, in source file main.bdf
    Info: Found entity 1: main
Info: Elaborating entity "main" for the top level hierarchy
Info: Elaborating entity "Block1" for hierarchy "Block1:inst"
Info: Elaborating entity "74163" for hierarchy "Block1:inst|74163:inst"
Info: Elaborated megafunction instantiation "Block1:inst|74163:inst"
Info: Elaborating entity "f74163" for hierarchy "Block1:inst|74163:inst|f74163:sub"
Info: Elaborated megafunction instantiation "Block1:inst|74163:inst|f74163:sub", which is child of megafunction instantiation "Block1:inst|74163:inst"
Info: Elaborating entity "block2" for hierarchy "block2:inst6"
Warning: Using design file lpm_compare1.tdf, which is not specified as a design file for the current project, but contains definitions for 1 design units and 1 entities in project
    Info: Found entity 1: lpm_compare1
Info: Elaborating entity "lpm_compare1" for hierarchy "block2:inst6|lpm_compare1:inst23"
Info: Elaborating entity "lpm_compare" for hierarchy "block2:inst6|lpm_compare1:inst23|lpm_compare:lpm_compare_component"
Info: Elaborated megafunction instantiation "block2:inst6|lpm_compare1:inst23|lpm_compare:lpm_compare_component"
Info: Instantiated megafunction "block2:inst6|lpm_compare1:inst23|lpm_compare:lpm_compare_component" with the following parameter:
    Info: Parameter "LPM_TYPE" = "LPM_COMPARE"
    Info: Parameter "LPM_HINT" = "ONE_INPUT_IS_CONSTANT=YES"
    Info: Parameter "LPM_WIDTH" = "4"
    Info: Parameter "LPM_REPRESENTATION" = "UNSIGNED"
Info: Found 1 design units, including 1 entities, in source file db/cmpr_i8j.tdf
    Info: Found entity 1: cmpr_i8j
Info: Elaborating entity "cmpr_i8j" for hierarchy "block2:inst6|lpm_compare1:inst23|lpm_compare:lpm_compare_component|cmpr_i8j:auto_generated"
Warning: Using design file lpm_counter2.tdf, which is not specified as a design file for the current project, but contains definitions for 1 design units and 1 entities in project
    Info: Found entity 1: lpm_counter2
Info: Elaborating entity "lpm_counter2" for hierarchy "block2:inst6|lpm_counter2:inst22"
Info: Elaborating entity "lpm_counter" for hierarchy "block2:inst6|lpm_counter2:inst22|lpm_counter:lpm_counter_component"
Info: Elaborated megafunction instantiation "block2:inst6|lpm_counter2:inst22|lpm_counter:lpm_counter_component"
Info: Instantiated megafunction "block2:inst6|lpm_counter2:inst22|lpm_counter:lpm_counter_component" with the following parameter:
    Info: Parameter "LPM_TYPE" = "LPM_COUNTER"
    Info: Parameter "LPM_WIDTH" = "4"
    Info: Parameter "LPM_DIRECTION" = "UP"
    Info: Parameter "LPM_PORT_UPDOWN" = "PORT_UNUSED"
Info: Found 1 design units, including 1 entities, in source file db/cntr_s3i.tdf
    Info: Found entity 1: cntr_s3i
Info: Elaborating entity "cntr_s3i" for hierarchy "block2:inst6|lpm_counter2:inst22|lpm_counter:lpm_counter_component|cntr_s3i:auto_generated"
Warning: Using design file lpm_compare0.tdf, which is not specified as a design file for the current project, but contains definitions for 1 design units and 1 entities in project
    Info: Found entity 1: lpm_compare0
Info: Elaborating entity "lpm_compare0" for hierarchy "block2:inst6|lpm_compare0:inst21"
Info: Elaborating entity "lpm_compare" for hierarchy "block2:inst6|lpm_compare0:inst21|lpm_compare:lpm_compare_component"
Info: Elaborated megafunction instantiation "block2:inst6|lpm_compare0:inst21|lpm_compare:lpm_compare_component"
Info: Instantiated megafunction "block2:inst6|lpm_compare0:inst21|lpm_compare:lpm_compare_component" with the following parameter:
    Info: Parameter "LPM_TYPE" = "LPM_COMPARE"
    Info: Parameter "LPM_HINT" = "ONE_INPUT_IS_CONSTANT=YES"
    Info: Parameter "LPM_WIDTH" = "4"
    Info: Parameter "LPM_REPRESENTATION" = "UNSIGNED"
Warning: Using design file lpm_counter1.tdf, which is not specified as a design file for the current project, but contains definitions for 1 design units and 1 entities in project
    Info: Found entity 1: lpm_counter1
Info: Elaborating entity "lpm_counter1" for hierarchy "block2:inst6|lpm_counter1:inst"
Info: Elaborating entity "block3" for hierarchy "block3:inst9"
Warning: Using design file lpm_decode0.tdf, which is not specified as a design file for the current project, but contains definitions for 1 design units and 1 entities in project
    Info: Found entity 1: lpm_decode0
Info: Elaborating entity "lpm_decode0" for hierarchy "block3:inst9|lpm_decode0:inst2"
Info: Elaborating entity "lpm_decode" for hierarchy "block3:inst9|lpm_decode0:inst2|lpm_decode:lpm_decode_component"
Info: Elaborated megafunction instantiation "block3:inst9|lpm_decode0:inst2|lpm_decode:lpm_decode_component"
Info: Instantiated megafunction "block3:inst9|lpm_decode0:inst2|lpm_decode:lpm_decode_component" with the following parameter:
    Info: Parameter "LPM_TYPE" = "LPM_DECODE"
    Info: Parameter "LPM_WIDTH" = "4"
    Info: Parameter "LPM_DECODES" = "16"
Info: Found 1 design units, including 1 entities, in source file db/decode_ltf.tdf
    Info: Found entity 1: decode_ltf
Info: Elaborating entity "decode_ltf" for hierarchy "block3:inst9|lpm_decode0:inst2|lpm_decode:lpm_decode_component|decode_ltf:auto_generated"
Warning: Using design file lpm_counter3.tdf, which is not specified as a design file for the current project, but contains definitions for 1 design units and 1 entities in project
    Info: Found entity 1: lpm_counter3
Info: Elaborating entity "lpm_counter3" for hierarchy "block3:inst9|lpm_counter3:inst"
Info: Elaborating entity "lpm_counter" for hierarchy "block3:inst9|lpm_counter3:inst|lpm_counter:lpm_counter_component"
Info: Elaborated megafunction instantiation "block3:inst9|lpm_counter3:inst|lpm_counter:lpm_counter_component"
Info: Instantiated megafunction "block3:inst9|lpm_counter3:inst|lpm_counter:lpm_counter_component" with the following parameter:
    Info: Parameter "LPM_TYPE" = "LPM_COUNTER"
    Info: Parameter "LPM_WIDTH" = "4"
    Info: Parameter "LPM_DIRECTION" = "UP"
    Info: Parameter "LPM_PORT_UPDOWN" = "PORT_UNUSED"
Info: Found 1 design units, including 1 entities, in source file db/cntr_qlh.tdf
    Info: Found entity 1: cntr_qlh
Info: Elaborating entity "cntr_qlh" for hierarchy "block3:inst9|lpm_counter3:inst|lpm_counter:lpm_counter_component|cntr_qlh:auto_generated"
Info: Ignored 3 buffer(s)
    Info: Ignored 3 CARRY buffer(s)
Info: Implemented 56 device resources after synthesis - the final resource count might be different
    Info: Implemented 1 input pins
    Info: Implemented 18 output pins
    Info: Implemented 37 logic cells
Info: Quartus II Analysis & Synthesis was successful. 0 errors, 6 warnings
    Info: Peak virtual memory: 416 megabytes
    Info: Processing ended: Fri Nov 25 12:05:09 2022
    Info: Elapsed time: 00:00:02
    Info: Total CPU time (on all processors): 00:00:03


