Flow report for lab4
Sat Dec 24 20:08:44 2022
Quartus II Version 9.1 Build 222 10/21/2009 SJ Web Edition


---------------------
; Table of Contents ;
---------------------
  1. Legal Notice
  2. Flow Summary
  3. Flow Settings
  4. Flow Non-Default Global Settings
  5. Flow Elapsed Time
  6. Flow OS Summary
  7. Flow Log



----------------
; Legal Notice ;
----------------
Copyright (C) 1991-2009 Altera Corporation
Your use of Altera Corporation's design tools, logic functions 
and other software and tools, and its AMPP partner logic 
functions, and any output files from any of the foregoing 
(including device programming or simulation files), and any 
associated documentation or information are expressly subject 
to the terms and conditions of the Altera Program License 
Subscription Agreement, Altera MegaCore Function License 
Agreement, or other applicable license agreement, including, 
without limitation, that your use is for the sole purpose of 
programming logic devices manufactured by Altera and sold by 
Altera or its authorized distributors.  Please refer to the 
applicable agreement for further details.



+-------------------------------------------------------------------------+
; Flow Summary                                                            ;
+-------------------------------+-----------------------------------------+
; Flow Status                   ; Successful - Sat Dec 24 20:08:44 2022   ;
; Quartus II Version            ; 9.1 Build 222 10/21/2009 SJ Web Edition ;
; Revision Name                 ; lab4                                    ;
; Top-level Entity Name         ; main                                    ;
; Family                        ; Stratix II                              ;
; Met timing requirements       ; No                                      ;
; Logic utilization             ; 2 %                                     ;
;     Combinational ALUTs       ; 133 / 12,480 ( 1 % )                    ;
;     Dedicated logic registers ; 135 / 12,480 ( 1 % )                    ;
; Total registers               ; 135                                     ;
; Total pins                    ; 106 / 343 ( 31 % )                      ;
; Total virtual pins            ; 0                                       ;
; Total block memory bits       ; 2,560 / 419,328 ( < 1 % )               ;
; DSP block 9-bit elements      ; 0 / 96 ( 0 % )                          ;
; Total PLLs                    ; 0 / 6 ( 0 % )                           ;
; Total DLLs                    ; 0 / 2 ( 0 % )                           ;
; Device                        ; EP2S15F484C3                            ;
; Timing Models                 ; Final                                   ;
+-------------------------------+-----------------------------------------+


+-----------------------------------------+
; Flow Settings                           ;
+-------------------+---------------------+
; Option            ; Setting             ;
+-------------------+---------------------+
; Start date & time ; 12/24/2022 20:08:25 ;
; Main task         ; Compilation         ;
; Revision Name     ; lab4                ;
+-------------------+---------------------+


+------------------------------------------------------------------------------------------------------------------+
; Flow Non-Default Global Settings                                                                                 ;
+------------------------------------+------------------------------+---------------+-------------+----------------+
; Assignment Name                    ; Value                        ; Default Value ; Entity Name ; Section Id     ;
+------------------------------------+------------------------------+---------------+-------------+----------------+
; COMPILER_SIGNATURE_ID              ; 121377368949.167190170507360 ; --            ; --          ; --             ;
; IP_TOOL_NAME                       ; LPM_BUSTRI                   ; --            ; --          ; --             ;
; IP_TOOL_NAME                       ; LPM_BUSTRI                   ; --            ; --          ; --             ;
; IP_TOOL_NAME                       ; LPM_COUNTER                  ; --            ; --          ; --             ;
; IP_TOOL_NAME                       ; LPM_COUNTER                  ; --            ; --          ; --             ;
; IP_TOOL_NAME                       ; LPM_DECODE                   ; --            ; --          ; --             ;
; IP_TOOL_NAME                       ; LPM_ROM                      ; --            ; --          ; --             ;
; IP_TOOL_NAME                       ; LPM_FF                       ; --            ; --          ; --             ;
; IP_TOOL_NAME                       ; LPM_RAM_DQ                   ; --            ; --          ; --             ;
; IP_TOOL_NAME                       ; LPM_DECODE                   ; --            ; --          ; --             ;
; IP_TOOL_NAME                       ; LPM_ADD_SUB                  ; --            ; --          ; --             ;
; IP_TOOL_NAME                       ; LPM_FF                       ; --            ; --          ; --             ;
; IP_TOOL_NAME                       ; LPM_ADD_SUB                  ; --            ; --          ; --             ;
; IP_TOOL_NAME                       ; LPM_DECODE                   ; --            ; --          ; --             ;
; IP_TOOL_NAME                       ; LPM_COUNTER                  ; --            ; --          ; --             ;
; IP_TOOL_NAME                       ; LPM_FF                       ; --            ; --          ; --             ;
; IP_TOOL_NAME                       ; LPM_ADD_SUB                  ; --            ; --          ; --             ;
; IP_TOOL_VERSION                    ; 9.1                          ; --            ; --          ; --             ;
; IP_TOOL_VERSION                    ; 9.1                          ; --            ; --          ; --             ;
; IP_TOOL_VERSION                    ; 9.1                          ; --            ; --          ; --             ;
; IP_TOOL_VERSION                    ; 9.1                          ; --            ; --          ; --             ;
; IP_TOOL_VERSION                    ; 9.1                          ; --            ; --          ; --             ;
; IP_TOOL_VERSION                    ; 9.1                          ; --            ; --          ; --             ;
; IP_TOOL_VERSION                    ; 9.1                          ; --            ; --          ; --             ;
; IP_TOOL_VERSION                    ; 9.1                          ; --            ; --          ; --             ;
; IP_TOOL_VERSION                    ; 9.1                          ; --            ; --          ; --             ;
; IP_TOOL_VERSION                    ; 9.1                          ; --            ; --          ; --             ;
; IP_TOOL_VERSION                    ; 9.1                          ; --            ; --          ; --             ;
; IP_TOOL_VERSION                    ; 9.1                          ; --            ; --          ; --             ;
; IP_TOOL_VERSION                    ; 9.1                          ; --            ; --          ; --             ;
; IP_TOOL_VERSION                    ; 9.1                          ; --            ; --          ; --             ;
; IP_TOOL_VERSION                    ; 9.1                          ; --            ; --          ; --             ;
; IP_TOOL_VERSION                    ; 9.1                          ; --            ; --          ; --             ;
; MISC_FILE                          ; lpm_bustri1.tdf              ; --            ; --          ; --             ;
; MISC_FILE                          ; lpm_bustri1.bsf              ; --            ; --          ; --             ;
; MISC_FILE                          ; lpm_bustri1.inc              ; --            ; --          ; --             ;
; MISC_FILE                          ; lpm_bustri0.tdf              ; --            ; --          ; --             ;
; MISC_FILE                          ; lpm_bustri0.bsf              ; --            ; --          ; --             ;
; MISC_FILE                          ; lpm_bustri0.inc              ; --            ; --          ; --             ;
; MISC_FILE                          ; lpm_counter1.tdf             ; --            ; --          ; --             ;
; MISC_FILE                          ; lpm_counter1.bsf             ; --            ; --          ; --             ;
; MISC_FILE                          ; lpm_counter1.inc             ; --            ; --          ; --             ;
; MISC_FILE                          ; lpm_counter0.tdf             ; --            ; --          ; --             ;
; MISC_FILE                          ; lpm_counter0.bsf             ; --            ; --          ; --             ;
; MISC_FILE                          ; lpm_counter0.inc             ; --            ; --          ; --             ;
; MISC_FILE                          ; lpm_decode0.tdf              ; --            ; --          ; --             ;
; MISC_FILE                          ; lpm_decode0.bsf              ; --            ; --          ; --             ;
; MISC_FILE                          ; lpm_decode0.inc              ; --            ; --          ; --             ;
; MISC_FILE                          ; lpm_rom0.tdf                 ; --            ; --          ; --             ;
; MISC_FILE                          ; lpm_rom0.bsf                 ; --            ; --          ; --             ;
; MISC_FILE                          ; lpm_rom0.inc                 ; --            ; --          ; --             ;
; MISC_FILE                          ; lpm_dff0.tdf                 ; --            ; --          ; --             ;
; MISC_FILE                          ; lpm_dff0.bsf                 ; --            ; --          ; --             ;
; MISC_FILE                          ; lpm_dff0.inc                 ; --            ; --          ; --             ;
; MISC_FILE                          ; lpm_ram_dq0.tdf              ; --            ; --          ; --             ;
; MISC_FILE                          ; lpm_ram_dq0.bsf              ; --            ; --          ; --             ;
; MISC_FILE                          ; lpm_ram_dq0.inc              ; --            ; --          ; --             ;
; MISC_FILE                          ; lpm_decode1.tdf              ; --            ; --          ; --             ;
; MISC_FILE                          ; lpm_decode1.bsf              ; --            ; --          ; --             ;
; MISC_FILE                          ; lpm_decode1.inc              ; --            ; --          ; --             ;
; MISC_FILE                          ; lpm_add_sub0.tdf             ; --            ; --          ; --             ;
; MISC_FILE                          ; lpm_add_sub0.bsf             ; --            ; --          ; --             ;
; MISC_FILE                          ; lpm_add_sub0.inc             ; --            ; --          ; --             ;
; MISC_FILE                          ; lpm_dff1.tdf                 ; --            ; --          ; --             ;
; MISC_FILE                          ; lpm_dff1.bsf                 ; --            ; --          ; --             ;
; MISC_FILE                          ; lpm_dff1.inc                 ; --            ; --          ; --             ;
; MISC_FILE                          ; lpm_add_sub1.tdf             ; --            ; --          ; --             ;
; MISC_FILE                          ; lpm_add_sub1.bsf             ; --            ; --          ; --             ;
; MISC_FILE                          ; lpm_add_sub1.inc             ; --            ; --          ; --             ;
; MISC_FILE                          ; lpm_decode2.tdf              ; --            ; --          ; --             ;
; MISC_FILE                          ; lpm_decode2.bsf              ; --            ; --          ; --             ;
; MISC_FILE                          ; lpm_decode2.inc              ; --            ; --          ; --             ;
; MISC_FILE                          ; lpm_counter2.tdf             ; --            ; --          ; --             ;
; MISC_FILE                          ; lpm_counter2.bsf             ; --            ; --          ; --             ;
; MISC_FILE                          ; lpm_counter2.inc             ; --            ; --          ; --             ;
; MISC_FILE                          ; lpm_dff2.tdf                 ; --            ; --          ; --             ;
; MISC_FILE                          ; lpm_dff2.bsf                 ; --            ; --          ; --             ;
; MISC_FILE                          ; lpm_dff2.inc                 ; --            ; --          ; --             ;
; MISC_FILE                          ; lpm_add_sub2.tdf             ; --            ; --          ; --             ;
; MISC_FILE                          ; lpm_add_sub2.bsf             ; --            ; --          ; --             ;
; MISC_FILE                          ; lpm_add_sub2.inc             ; --            ; --          ; --             ;
; PARTITION_COLOR                    ; 16764057                     ; --            ; main        ; Top            ;
; PARTITION_NETLIST_TYPE             ; SOURCE                       ; --            ; main        ; Top            ;
; TOP_LEVEL_ENTITY                   ; main                         ; lab4          ; --          ; --             ;
; USE_GENERATED_PHYSICAL_CONSTRAINTS ; Off                          ; --            ; --          ; eda_blast_fpga ;
+------------------------------------+------------------------------+---------------+-------------+----------------+


+-----------------------------------------------------------------------------------------------------------------------------+
; Flow Elapsed Time                                                                                                           ;
+-------------------------+--------------+-------------------------+---------------------+------------------------------------+
; Module Name             ; Elapsed Time ; Average Processors Used ; Peak Virtual Memory ; Total CPU Time (on all processors) ;
+-------------------------+--------------+-------------------------+---------------------+------------------------------------+
; Analysis & Synthesis    ; 00:00:05     ; 1.0                     ; 416 MB              ; 00:00:04                           ;
; Fitter                  ; 00:00:07     ; 1.0                     ; 450 MB              ; 00:00:07                           ;
; Assembler               ; 00:00:02     ; 1.0                     ; 405 MB              ; 00:00:02                           ;
; Classic Timing Analyzer ; 00:00:01     ; 1.0                     ; 332 MB              ; 00:00:01                           ;
; Total                   ; 00:00:15     ; --                      ; --                  ; 00:00:14                           ;
+-------------------------+--------------+-------------------------+---------------------+------------------------------------+


+------------------------------------------------------------------------------------------+
; Flow OS Summary                                                                          ;
+-------------------------+------------------+---------------+------------+----------------+
; Module Name             ; Machine Hostname ; OS Name       ; OS Version ; Processor type ;
+-------------------------+------------------+---------------+------------+----------------+
; Analysis & Synthesis    ; ANTONFILIPP3FCB  ; Windows Vista ; 6.2        ; x86_64         ;
; Fitter                  ; ANTONFILIPP3FCB  ; Windows Vista ; 6.2        ; x86_64         ;
; Assembler               ; ANTONFILIPP3FCB  ; Windows Vista ; 6.2        ; x86_64         ;
; Classic Timing Analyzer ; ANTONFILIPP3FCB  ; Windows Vista ; 6.2        ; x86_64         ;
+-------------------------+------------------+---------------+------------+----------------+


------------
; Flow Log ;
------------
quartus_map --read_settings_files=on --write_settings_files=off lab4 -c lab4
quartus_fit --read_settings_files=off --write_settings_files=off lab4 -c lab4
quartus_asm --read_settings_files=off --write_settings_files=off lab4 -c lab4
quartus_tan --read_settings_files=off --write_settings_files=off lab4 -c lab4 --timing_analysis_only



