MIF/HEX Update report for lab4
Wed Dec 14 16:02:01 2022
Quartus II Version 9.1 Build 222 10/21/2009 SJ Web Edition


---------------------
; Table of Contents ;
---------------------
  1. Legal Notice
  2. MIF/HEX Update Summary
  3. MIF/HEX Update Processed Files
  4. MIF/HEX Update Messages



----------------
; Legal Notice ;
----------------
Copyright (C) 1991-2009 Altera Corporation
Your use of Altera Corporation's design tools, logic functions 
and other software and tools, and its AMPP partner logic 
functions, and any output files from any of the foregoing 
(including device programming or simulation files), and any 
associated documentation or information are expressly subject 
to the terms and conditions of the Altera Program License 
Subscription Agreement, Altera MegaCore Function License 
Agreement, or other applicable license agreement, including, 
without limitation, that your use is for the sole purpose of 
programming logic devices manufactured by Altera and sold by 
Altera or its authorized distributors.  Please refer to the 
applicable agreement for further details.



+---------------------------------------------------------------+
; MIF/HEX Update Summary                                        ;
+-----------------------+---------------------------------------+
; MIF/HEX Update Status ; Successful - Wed Dec 14 16:02:01 2022 ;
; Revision Name         ; lab4                                  ;
; Top-level Entity Name ; main                                  ;
; Family                ; Stratix II                            ;
; Device                ; EP2S15F484C3                          ;
+-----------------------+---------------------------------------+


+---------------------------------+
; MIF/HEX Update Processed Files  ;
+---------------------------------+
; File Name                       ;
+---------------------------------+
; D:/Quartus/quartus/lab4/ram.hex ;
; D:/Quartus/quartus/lab4/rom.hex ;
+---------------------------------+


+-------------------------+
; MIF/HEX Update Messages ;
+-------------------------+
Info: *******************************************************************
Info: Running Quartus II MIF/HEX Update
    Info: Version 9.1 Build 222 10/21/2009 SJ Web Edition
    Info: Processing started: Wed Dec 14 16:02:00 2022
Info: Command: quartus_cdb lab4 -c lab4 --update_mif
Critical Warning: Memory depth (128) in the design file differs from memory depth (256) in the Memory Initialization File "ram.hex" -- truncated remaining initial content value to fit RAM
Critical Warning: Memory depth (128) in the design file differs from memory depth (256) in the Memory Initialization File "rom.hex" -- truncated remaining initial content value to fit RAM
Info: Processed the following Memory Initialization File(s)
    Info: Processed Memory Initialization File D:/Quartus/quartus/lab4/ram.hex
    Info: Processed Memory Initialization File D:/Quartus/quartus/lab4/rom.hex
Info: Quartus II MIF/HEX Update was successful. 0 errors, 2 warnings
    Info: Peak virtual memory: 235 megabytes
    Info: Processing ended: Wed Dec 14 16:02:01 2022
    Info: Elapsed time: 00:00:01
    Info: Total CPU time (on all processors): 00:00:01


